This is pdfTeX, Version 3.14159265-2.6-1.40.20 (TeX Live 2019) (preloaded format=pdflatex 2019.7.15)  15 JUL 2019 12:05
entering extended mode
 restricted \write18 enabled.
 %&-line parsing enabled.
**Critical_Element_4.tex
(./Critical_Element_4.tex
LaTeX2e <2018-12-01>
(/Users/brockrowley/Library/TinyTeX/texmf-dist/tex/latex/base/article.cls
Document Class: article 2018/09/03 v1.4i Standard LaTeX document class
(/Users/brockrowley/Library/TinyTeX/texmf-dist/tex/latex/base/size10.clo
File: size10.clo 2018/09/03 v1.4i Standard LaTeX file (size option)
)
\c@part=\count80
\c@section=\count81
\c@subsection=\count82
\c@subsubsection=\count83
\c@paragraph=\count84
\c@subparagraph=\count85
\c@figure=\count86
\c@table=\count87
\abovecaptionskip=\skip41
\belowcaptionskip=\skip42
\bibindent=\dimen102
) (/Users/brockrowley/Library/TinyTeX/texmf-dist/tex/latex/lm/lmodern.sty
Package: lmodern 2009/10/30 v1.6 Latin Modern Fonts
LaTeX Font Info:    Overwriting symbol font `operators' in version `normal'
(Font)                  OT1/cmr/m/n --> OT1/lmr/m/n on input line 22.
LaTeX Font Info:    Overwriting symbol font `letters' in version `normal'
(Font)                  OML/cmm/m/it --> OML/lmm/m/it on input line 23.
LaTeX Font Info:    Overwriting symbol font `symbols' in version `normal'
(Font)                  OMS/cmsy/m/n --> OMS/lmsy/m/n on input line 24.
LaTeX Font Info:    Overwriting symbol font `largesymbols' in version `normal'
(Font)                  OMX/cmex/m/n --> OMX/lmex/m/n on input line 25.
LaTeX Font Info:    Overwriting symbol font `operators' in version `bold'
(Font)                  OT1/cmr/bx/n --> OT1/lmr/bx/n on input line 26.
LaTeX Font Info:    Overwriting symbol font `letters' in version `bold'
(Font)                  OML/cmm/b/it --> OML/lmm/b/it on input line 27.
LaTeX Font Info:    Overwriting symbol font `symbols' in version `bold'
(Font)                  OMS/cmsy/b/n --> OMS/lmsy/b/n on input line 28.
LaTeX Font Info:    Overwriting symbol font `largesymbols' in version `bold'
(Font)                  OMX/cmex/m/n --> OMX/lmex/m/n on input line 29.
LaTeX Font Info:    Overwriting math alphabet `\mathbf' in version `normal'
(Font)                  OT1/cmr/bx/n --> OT1/lmr/bx/n on input line 31.
LaTeX Font Info:    Overwriting math alphabet `\mathsf' in version `normal'
(Font)                  OT1/cmss/m/n --> OT1/lmss/m/n on input line 32.
LaTeX Font Info:    Overwriting math alphabet `\mathit' in version `normal'
(Font)                  OT1/cmr/m/it --> OT1/lmr/m/it on input line 33.
LaTeX Font Info:    Overwriting math alphabet `\mathtt' in version `normal'
(Font)                  OT1/cmtt/m/n --> OT1/lmtt/m/n on input line 34.
LaTeX Font Info:    Overwriting math alphabet `\mathbf' in version `bold'
(Font)                  OT1/cmr/bx/n --> OT1/lmr/bx/n on input line 35.
LaTeX Font Info:    Overwriting math alphabet `\mathsf' in version `bold'
(Font)                  OT1/cmss/bx/n --> OT1/lmss/bx/n on input line 36.
LaTeX Font Info:    Overwriting math alphabet `\mathit' in version `bold'
(Font)                  OT1/cmr/bx/it --> OT1/lmr/bx/it on input line 37.
LaTeX Font Info:    Overwriting math alphabet `\mathtt' in version `bold'
(Font)                  OT1/cmtt/m/n --> OT1/lmtt/m/n on input line 38.
) (/Users/brockrowley/Library/TinyTeX/texmf-dist/tex/latex/amsfonts/amssymb.sty
Package: amssymb 2013/01/14 v3.01 AMS font symbols
(/Users/brockrowley/Library/TinyTeX/texmf-dist/tex/latex/amsfonts/amsfonts.sty
Package: amsfonts 2013/01/14 v3.01 Basic AMSFonts support
\@emptytoks=\toks14
\symAMSa=\mathgroup4
\symAMSb=\mathgroup5
LaTeX Font Info:    Overwriting math alphabet `\mathfrak' in version `bold'
(Font)                  U/euf/m/n --> U/euf/b/n on input line 106.
)) (/Users/brockrowley/Library/TinyTeX/texmf-dist/tex/latex/amsmath/amsmath.sty
Package: amsmath 2018/12/01 v2.17b AMS math features
\@mathmargin=\skip43
For additional information on amsmath, use the `?' option.
(/Users/brockrowley/Library/TinyTeX/texmf-dist/tex/latex/amsmath/amstext.sty
Package: amstext 2000/06/29 v2.01 AMS text
(/Users/brockrowley/Library/TinyTeX/texmf-dist/tex/latex/amsmath/amsgen.sty
File: amsgen.sty 1999/11/30 v2.0 generic functions
\@emptytoks=\toks15
\ex@=\dimen103
)) (/Users/brockrowley/Library/TinyTeX/texmf-dist/tex/latex/amsmath/amsbsy.sty
Package: amsbsy 1999/11/29 v1.2d Bold Symbols
\pmbraise@=\dimen104
) (/Users/brockrowley/Library/TinyTeX/texmf-dist/tex/latex/amsmath/amsopn.sty
Package: amsopn 2016/03/08 v2.02 operator names
)
\inf@bad=\count88
LaTeX Info: Redefining \frac on input line 223.
\uproot@=\count89
\leftroot@=\count90
LaTeX Info: Redefining \overline on input line 385.
\classnum@=\count91
\DOTSCASE@=\count92
LaTeX Info: Redefining \ldots on input line 482.
LaTeX Info: Redefining \dots on input line 485.
LaTeX Info: Redefining \cdots on input line 606.
\Mathstrutbox@=\box27
\strutbox@=\box28
\big@size=\dimen105
LaTeX Font Info:    Redeclaring font encoding OML on input line 729.
LaTeX Font Info:    Redeclaring font encoding OMS on input line 730.
\macc@depth=\count93
\c@MaxMatrixCols=\count94
\dotsspace@=\muskip10
\c@parentequation=\count95
\dspbrk@lvl=\count96
\tag@help=\toks16
\row@=\count97
\column@=\count98
\maxfields@=\count99
\andhelp@=\toks17
\eqnshift@=\dimen106
\alignsep@=\dimen107
\tagshift@=\dimen108
\tagwidth@=\dimen109
\totwidth@=\dimen110
\lineht@=\dimen111
\@envbody=\toks18
\multlinegap=\skip44
\multlinetaggap=\skip45
\mathdisplay@stack=\toks19
LaTeX Info: Redefining \[ on input line 2844.
LaTeX Info: Redefining \] on input line 2845.
) (/Users/brockrowley/Library/TinyTeX/texmf-dist/tex/generic/ifxetex/ifxetex.st
y
Package: ifxetex 2010/09/12 v0.6 Provides ifxetex conditional
)
(/Users/brockrowley/Library/TinyTeX/texmf-dist/tex/generic/oberdiek/ifluatex.st
y
Package: ifluatex 2016/05/16 v1.4 Provides the ifluatex switch (HO)
Package ifluatex Info: LuaTeX not detected.
) (/Users/brockrowley/Library/TinyTeX/texmf-dist/tex/latex/base/fixltx2e.sty
Package: fixltx2e 2016/12/29 v2.1a fixes to LaTeX (obsolete)
Applying: [2015/01/01] Old fixltx2e package on input line 46.

Package fixltx2e Warning: fixltx2e is not required with releases after 2015
(fixltx2e)                All fixes are now in the LaTeX kernel.
(fixltx2e)                See the latexrelease package for details.

Already applied: [0000/00/00] Old fixltx2e package on input line 53.
) (/Users/brockrowley/Library/TinyTeX/texmf-dist/tex/latex/base/fontenc.sty
Package: fontenc 2018/08/11 v2.0j Standard LaTeX package
(/Users/brockrowley/Library/TinyTeX/texmf-dist/tex/latex/base/t1enc.def
File: t1enc.def 2018/08/11 v2.0j Standard LaTeX file
LaTeX Font Info:    Redeclaring font encoding T1 on input line 48.
)) (/Users/brockrowley/Library/TinyTeX/texmf-dist/tex/latex/base/inputenc.sty
Package: inputenc 2018/08/11 v1.3c Input encoding file
\inpenc@prehook=\toks20
\inpenc@posthook=\toks21
) (/Users/brockrowley/Library/TinyTeX/texmf-dist/tex/latex/upquote/upquote.sty
Package: upquote 2012/04/19 v1.3 upright-quote and grave-accent glyphs in verba
tim
(/Users/brockrowley/Library/TinyTeX/texmf-dist/tex/latex/base/textcomp.sty
Package: textcomp 2018/08/11 v2.0j Standard LaTeX package
Package textcomp Info: Sub-encoding information:
(textcomp)               5 = only ISO-Adobe without \textcurrency
(textcomp)               4 = 5 + \texteuro
(textcomp)               3 = 4 + \textohm
(textcomp)               2 = 3 + \textestimated + \textcurrency
(textcomp)               1 = TS1 - \textcircled - \t
(textcomp)               0 = TS1 (full)
(textcomp)             Font families with sub-encoding setting implement
(textcomp)             only a restricted character set as indicated.
(textcomp)             Family '?' is the default used for unknown fonts.
(textcomp)             See the documentation for details.
Package textcomp Info: Setting ? sub-encoding to TS1/1 on input line 79.
(/Users/brockrowley/Library/TinyTeX/texmf-dist/tex/latex/base/ts1enc.def
File: ts1enc.def 2001/06/05 v3.0e (jk/car/fm) Standard LaTeX file
Now handling font encoding TS1 ...
... processing UTF-8 mapping file for font encoding TS1
(/Users/brockrowley/Library/TinyTeX/texmf-dist/tex/latex/base/ts1enc.dfu
File: ts1enc.dfu 2018/10/05 v1.2f UTF-8 support for inputenc
   defining Unicode char U+00A2 (decimal 162)
   defining Unicode char U+00A3 (decimal 163)
   defining Unicode char U+00A4 (decimal 164)
   defining Unicode char U+00A5 (decimal 165)
   defining Unicode char U+00A6 (decimal 166)
   defining Unicode char U+00A7 (decimal 167)
   defining Unicode char U+00A8 (decimal 168)
   defining Unicode char U+00A9 (decimal 169)
   defining Unicode char U+00AA (decimal 170)
   defining Unicode char U+00AC (decimal 172)
   defining Unicode char U+00AE (decimal 174)
   defining Unicode char U+00AF (decimal 175)
   defining Unicode char U+00B0 (decimal 176)
   defining Unicode char U+00B1 (decimal 177)
   defining Unicode char U+00B2 (decimal 178)
   defining Unicode char U+00B3 (decimal 179)
   defining Unicode char U+00B4 (decimal 180)
   defining Unicode char U+00B5 (decimal 181)
   defining Unicode char U+00B6 (decimal 182)
   defining Unicode char U+00B7 (decimal 183)
   defining Unicode char U+00B9 (decimal 185)
   defining Unicode char U+00BA (decimal 186)
   defining Unicode char U+00BC (decimal 188)
   defining Unicode char U+00BD (decimal 189)
   defining Unicode char U+00BE (decimal 190)
   defining Unicode char U+00D7 (decimal 215)
   defining Unicode char U+00F7 (decimal 247)
   defining Unicode char U+0192 (decimal 402)
   defining Unicode char U+02C7 (decimal 711)
   defining Unicode char U+02D8 (decimal 728)
   defining Unicode char U+02DD (decimal 733)
   defining Unicode char U+0E3F (decimal 3647)
   defining Unicode char U+2016 (decimal 8214)
   defining Unicode char U+2020 (decimal 8224)
   defining Unicode char U+2021 (decimal 8225)
   defining Unicode char U+2022 (decimal 8226)
   defining Unicode char U+2030 (decimal 8240)
   defining Unicode char U+2031 (decimal 8241)
   defining Unicode char U+203B (decimal 8251)
   defining Unicode char U+203D (decimal 8253)
   defining Unicode char U+2044 (decimal 8260)
   defining Unicode char U+204E (decimal 8270)
   defining Unicode char U+2052 (decimal 8274)
   defining Unicode char U+20A1 (decimal 8353)
   defining Unicode char U+20A4 (decimal 8356)
   defining Unicode char U+20A6 (decimal 8358)
   defining Unicode char U+20A9 (decimal 8361)
   defining Unicode char U+20AB (decimal 8363)
   defining Unicode char U+20AC (decimal 8364)
   defining Unicode char U+20B1 (decimal 8369)
   defining Unicode char U+2103 (decimal 8451)
   defining Unicode char U+2116 (decimal 8470)
   defining Unicode char U+2117 (decimal 8471)
   defining Unicode char U+211E (decimal 8478)
   defining Unicode char U+2120 (decimal 8480)
   defining Unicode char U+2122 (decimal 8482)
   defining Unicode char U+2126 (decimal 8486)
   defining Unicode char U+2127 (decimal 8487)
   defining Unicode char U+212E (decimal 8494)
   defining Unicode char U+2190 (decimal 8592)
   defining Unicode char U+2191 (decimal 8593)
   defining Unicode char U+2192 (decimal 8594)
   defining Unicode char U+2193 (decimal 8595)
   defining Unicode char U+2329 (decimal 9001)
   defining Unicode char U+232A (decimal 9002)
   defining Unicode char U+2422 (decimal 9250)
   defining Unicode char U+25E6 (decimal 9702)
   defining Unicode char U+25EF (decimal 9711)
   defining Unicode char U+266A (decimal 9834)
   defining Unicode char U+FEFF (decimal 65279)
))
LaTeX Info: Redefining \oldstylenums on input line 334.
Package textcomp Info: Setting cmr sub-encoding to TS1/0 on input line 349.
Package textcomp Info: Setting cmss sub-encoding to TS1/0 on input line 350.
Package textcomp Info: Setting cmtt sub-encoding to TS1/0 on input line 351.
Package textcomp Info: Setting cmvtt sub-encoding to TS1/0 on input line 352.
Package textcomp Info: Setting cmbr sub-encoding to TS1/0 on input line 353.
Package textcomp Info: Setting cmtl sub-encoding to TS1/0 on input line 354.
Package textcomp Info: Setting ccr sub-encoding to TS1/0 on input line 355.
Package textcomp Info: Setting ptm sub-encoding to TS1/4 on input line 356.
Package textcomp Info: Setting pcr sub-encoding to TS1/4 on input line 357.
Package textcomp Info: Setting phv sub-encoding to TS1/4 on input line 358.
Package textcomp Info: Setting ppl sub-encoding to TS1/3 on input line 359.
Package textcomp Info: Setting pag sub-encoding to TS1/4 on input line 360.
Package textcomp Info: Setting pbk sub-encoding to TS1/4 on input line 361.
Package textcomp Info: Setting pnc sub-encoding to TS1/4 on input line 362.
Package textcomp Info: Setting pzc sub-encoding to TS1/4 on input line 363.
Package textcomp Info: Setting bch sub-encoding to TS1/4 on input line 364.
Package textcomp Info: Setting put sub-encoding to TS1/5 on input line 365.
Package textcomp Info: Setting uag sub-encoding to TS1/5 on input line 366.
Package textcomp Info: Setting ugq sub-encoding to TS1/5 on input line 367.
Package textcomp Info: Setting ul8 sub-encoding to TS1/4 on input line 368.
Package textcomp Info: Setting ul9 sub-encoding to TS1/4 on input line 369.
Package textcomp Info: Setting augie sub-encoding to TS1/5 on input line 370.
Package textcomp Info: Setting dayrom sub-encoding to TS1/3 on input line 371.
Package textcomp Info: Setting dayroms sub-encoding to TS1/3 on input line 372.

Package textcomp Info: Setting pxr sub-encoding to TS1/0 on input line 373.
Package textcomp Info: Setting pxss sub-encoding to TS1/0 on input line 374.
Package textcomp Info: Setting pxtt sub-encoding to TS1/0 on input line 375.
Package textcomp Info: Setting txr sub-encoding to TS1/0 on input line 376.
Package textcomp Info: Setting txss sub-encoding to TS1/0 on input line 377.
Package textcomp Info: Setting txtt sub-encoding to TS1/0 on input line 378.
Package textcomp Info: Setting lmr sub-encoding to TS1/0 on input line 379.
Package textcomp Info: Setting lmdh sub-encoding to TS1/0 on input line 380.
Package textcomp Info: Setting lmss sub-encoding to TS1/0 on input line 381.
Package textcomp Info: Setting lmssq sub-encoding to TS1/0 on input line 382.
Package textcomp Info: Setting lmvtt sub-encoding to TS1/0 on input line 383.
Package textcomp Info: Setting lmtt sub-encoding to TS1/0 on input line 384.
Package textcomp Info: Setting qhv sub-encoding to TS1/0 on input line 385.
Package textcomp Info: Setting qag sub-encoding to TS1/0 on input line 386.
Package textcomp Info: Setting qbk sub-encoding to TS1/0 on input line 387.
Package textcomp Info: Setting qcr sub-encoding to TS1/0 on input line 388.
Package textcomp Info: Setting qcs sub-encoding to TS1/0 on input line 389.
Package textcomp Info: Setting qpl sub-encoding to TS1/0 on input line 390.
Package textcomp Info: Setting qtm sub-encoding to TS1/0 on input line 391.
Package textcomp Info: Setting qzc sub-encoding to TS1/0 on input line 392.
Package textcomp Info: Setting qhvc sub-encoding to TS1/0 on input line 393.
Package textcomp Info: Setting futs sub-encoding to TS1/4 on input line 394.
Package textcomp Info: Setting futx sub-encoding to TS1/4 on input line 395.
Package textcomp Info: Setting futj sub-encoding to TS1/4 on input line 396.
Package textcomp Info: Setting hlh sub-encoding to TS1/3 on input line 397.
Package textcomp Info: Setting hls sub-encoding to TS1/3 on input line 398.
Package textcomp Info: Setting hlst sub-encoding to TS1/3 on input line 399.
Package textcomp Info: Setting hlct sub-encoding to TS1/5 on input line 400.
Package textcomp Info: Setting hlx sub-encoding to TS1/5 on input line 401.
Package textcomp Info: Setting hlce sub-encoding to TS1/5 on input line 402.
Package textcomp Info: Setting hlcn sub-encoding to TS1/5 on input line 403.
Package textcomp Info: Setting hlcw sub-encoding to TS1/5 on input line 404.
Package textcomp Info: Setting hlcf sub-encoding to TS1/5 on input line 405.
Package textcomp Info: Setting pplx sub-encoding to TS1/3 on input line 406.
Package textcomp Info: Setting pplj sub-encoding to TS1/3 on input line 407.
Package textcomp Info: Setting ptmx sub-encoding to TS1/4 on input line 408.
Package textcomp Info: Setting ptmj sub-encoding to TS1/4 on input line 409.
)) (/Users/brockrowley/Library/TinyTeX/texmf-dist/tex/latex/geometry/geometry.s
ty
Package: geometry 2018/04/16 v5.8 Page Geometry
(/Users/brockrowley/Library/TinyTeX/texmf-dist/tex/latex/graphics/keyval.sty
Package: keyval 2014/10/28 v1.15 key=value parser (DPC)
\KV@toks@=\toks22
) (/Users/brockrowley/Library/TinyTeX/texmf-dist/tex/generic/oberdiek/ifpdf.sty
Package: ifpdf 2018/09/07 v3.3 Provides the ifpdf switch
) (/Users/brockrowley/Library/TinyTeX/texmf-dist/tex/generic/oberdiek/ifvtex.st
y
Package: ifvtex 2016/05/16 v1.6 Detect VTeX and its facilities (HO)
Package ifvtex Info: VTeX not detected.
)
\Gm@cnth=\count100
\Gm@cntv=\count101
\c@Gm@tempcnt=\count102
\Gm@bindingoffset=\dimen112
\Gm@wd@mp=\dimen113
\Gm@odd@mp=\dimen114
\Gm@even@mp=\dimen115
\Gm@layoutwidth=\dimen116
\Gm@layoutheight=\dimen117
\Gm@layouthoffset=\dimen118
\Gm@layoutvoffset=\dimen119
\Gm@dimlist=\toks23
) (/Users/brockrowley/Library/TinyTeX/texmf-dist/tex/latex/hyperref/hyperref.st
y
Package: hyperref 2018/11/30 v6.88e Hypertext links for LaTeX

(/Users/brockrowley/Library/TinyTeX/texmf-dist/tex/generic/oberdiek/hobsub-hype
rref.sty
Package: hobsub-hyperref 2016/05/16 v1.14 Bundle oberdiek, subset hyperref (HO)


(/Users/brockrowley/Library/TinyTeX/texmf-dist/tex/generic/oberdiek/hobsub-gene
ric.sty
Package: hobsub-generic 2016/05/16 v1.14 Bundle oberdiek, subset generic (HO)
Package: hobsub 2016/05/16 v1.14 Construct package bundles (HO)
Package: infwarerr 2016/05/16 v1.4 Providing info/warning/error messages (HO)
Package: ltxcmds 2016/05/16 v1.23 LaTeX kernel commands for general use (HO)
Package hobsub Info: Skipping package `ifluatex' (already loaded).
Package hobsub Info: Skipping package `ifvtex' (already loaded).
Package: intcalc 2016/05/16 v1.2 Expandable calculations with integers (HO)
Package hobsub Info: Skipping package `ifpdf' (already loaded).
Package: etexcmds 2016/05/16 v1.6 Avoid name clashes with e-TeX commands (HO)
Package: kvsetkeys 2016/05/16 v1.17 Key value parser (HO)
Package: kvdefinekeys 2016/05/16 v1.4 Define keys (HO)
Package: pdftexcmds 2018/09/10 v0.29 Utility functions of pdfTeX for LuaTeX (HO
)
Package pdftexcmds Info: LuaTeX not detected.
Package pdftexcmds Info: \pdf@primitive is available.
Package pdftexcmds Info: \pdf@ifprimitive is available.
Package pdftexcmds Info: \pdfdraftmode found.
Package: pdfescape 2016/05/16 v1.14 Implements pdfTeX's escape features (HO)
Package: bigintcalc 2016/05/16 v1.4 Expandable calculations on big integers (HO
)
Package: bitset 2016/05/16 v1.2 Handle bit-vector datatype (HO)
Package: uniquecounter 2016/05/16 v1.3 Provide unlimited unique counter (HO)
)
Package hobsub Info: Skipping package `hobsub' (already loaded).
Package: letltxmacro 2016/05/16 v1.5 Let assignment for LaTeX macros (HO)
Package: hopatch 2016/05/16 v1.3 Wrapper for package hooks (HO)
Package: xcolor-patch 2016/05/16 xcolor patch
Package: atveryend 2016/05/16 v1.9 Hooks at the very end of document (HO)
Package atveryend Info: \enddocument detected (standard20110627).
Package: atbegshi 2016/06/09 v1.18 At begin shipout hook (HO)
Package: refcount 2016/05/16 v3.5 Data extraction from label references (HO)
Package: hycolor 2016/05/16 v1.8 Color options for hyperref/bookmark (HO)
) (/Users/brockrowley/Library/TinyTeX/texmf-dist/tex/latex/oberdiek/auxhook.sty
Package: auxhook 2016/05/16 v1.4 Hooks for auxiliary files (HO)
)
(/Users/brockrowley/Library/TinyTeX/texmf-dist/tex/latex/oberdiek/kvoptions.sty
Package: kvoptions 2016/05/16 v3.12 Key value format for package options (HO)
)
\@linkdim=\dimen120
\Hy@linkcounter=\count103
\Hy@pagecounter=\count104
(/Users/brockrowley/Library/TinyTeX/texmf-dist/tex/latex/hyperref/pd1enc.def
File: pd1enc.def 2018/11/30 v6.88e Hyperref: PDFDocEncoding definition (HO)
Now handling font encoding PD1 ...
... no UTF-8 mapping file for font encoding PD1
)
\Hy@SavedSpaceFactor=\count105

(/Users/brockrowley/Library/TinyTeX/texmf-dist/tex/latex/latexconfig/hyperref.c
fg
File: hyperref.cfg 2002/06/06 v1.2 hyperref configuration of TeXLive
)
Package hyperref Info: Hyper figures OFF on input line 4519.
Package hyperref Info: Link nesting OFF on input line 4524.
Package hyperref Info: Hyper index ON on input line 4527.
Package hyperref Info: Plain pages OFF on input line 4534.
Package hyperref Info: Backreferencing OFF on input line 4539.
Package hyperref Info: Implicit mode ON; LaTeX internals redefined.
Package hyperref Info: Bookmarks ON on input line 4772.
\c@Hy@tempcnt=\count106
(/Users/brockrowley/Library/TinyTeX/texmf-dist/tex/latex/url/url.sty
\Urlmuskip=\muskip11
Package: url 2013/09/16  ver 3.4  Verb mode for urls, etc.
)
LaTeX Info: Redefining \url on input line 5125.
\XeTeXLinkMargin=\dimen121
\Fld@menulength=\count107
\Field@Width=\dimen122
\Fld@charsize=\dimen123
Package hyperref Info: Hyper figures OFF on input line 6380.
Package hyperref Info: Link nesting OFF on input line 6385.
Package hyperref Info: Hyper index ON on input line 6388.
Package hyperref Info: backreferencing OFF on input line 6395.
Package hyperref Info: Link coloring OFF on input line 6400.
Package hyperref Info: Link coloring with OCG OFF on input line 6405.
Package hyperref Info: PDF/A mode OFF on input line 6410.
LaTeX Info: Redefining \ref on input line 6450.
LaTeX Info: Redefining \pageref on input line 6454.
\Hy@abspage=\count108
\c@Item=\count109
\c@Hfootnote=\count110
)
Package hyperref Info: Driver (autodetected): hpdftex.
(/Users/brockrowley/Library/TinyTeX/texmf-dist/tex/latex/hyperref/hpdftex.def
File: hpdftex.def 2018/11/30 v6.88e Hyperref driver for pdfTeX
\Fld@listcount=\count111
\c@bookmark@seq@number=\count112

(/Users/brockrowley/Library/TinyTeX/texmf-dist/tex/latex/oberdiek/rerunfilechec
k.sty
Package: rerunfilecheck 2016/05/16 v1.8 Rerun checks for auxiliary files (HO)
Package uniquecounter Info: New unique counter `rerunfilecheck' on input line 2
82.
)
\Hy@SectionHShift=\skip46
)
Package hyperref Info: Option `unicode' set `true' on input line 30.
(/Users/brockrowley/Library/TinyTeX/texmf-dist/tex/latex/hyperref/puenc.def
File: puenc.def 2018/11/30 v6.88e Hyperref: PDF Unicode definition (HO)
Now handling font encoding PU ...
... no UTF-8 mapping file for font encoding PU
)
Package hyperref Info: Option `breaklinks' set `true' on input line 30.
(/Users/brockrowley/Library/TinyTeX/texmf-dist/tex/latex/graphics/color.sty
Package: color 2016/07/10 v1.1e Standard LaTeX Color (DPC)

(/Users/brockrowley/Library/TinyTeX/texmf-dist/tex/latex/graphics-cfg/color.cfg
File: color.cfg 2016/01/02 v1.6 sample color configuration
)
Package color Info: Driver file: pdftex.def on input line 147.

(/Users/brockrowley/Library/TinyTeX/texmf-dist/tex/latex/graphics-def/pdftex.de
f
File: pdftex.def 2018/01/08 v1.0l Graphics/color driver for pdftex
)) (/Users/brockrowley/Library/TinyTeX/texmf-dist/tex/latex/fancyvrb/fancyvrb.s
ty
Package: fancyvrb 2019/01/15
Style option: `fancyvrb' v3.2a <2019/01/15> (tvz)
\FV@CodeLineNo=\count113
\FV@InFile=\read1
\FV@TabBox=\box29
\c@FancyVerbLine=\count114
\FV@StepNumber=\count115
\FV@OutFile=\write3
) (/Users/brockrowley/Library/TinyTeX/texmf-dist/tex/latex/framed/framed.sty
Package: framed 2011/10/22 v 0.96: framed or shaded text with page breaks
\OuterFrameSep=\skip47
\fb@frw=\dimen124
\fb@frh=\dimen125
\FrameRule=\dimen126
\FrameSep=\dimen127
) (/Users/brockrowley/Library/TinyTeX/texmf-dist/tex/latex/graphics/graphicx.st
y
Package: graphicx 2017/06/01 v1.1a Enhanced LaTeX Graphics (DPC,SPQR)
(/Users/brockrowley/Library/TinyTeX/texmf-dist/tex/latex/graphics/graphics.sty
Package: graphics 2017/06/25 v1.2c Standard LaTeX Graphics (DPC,SPQR)
(/Users/brockrowley/Library/TinyTeX/texmf-dist/tex/latex/graphics/trig.sty
Package: trig 2016/01/03 v1.10 sin cos tan (DPC)
)
(/Users/brockrowley/Library/TinyTeX/texmf-dist/tex/latex/graphics-cfg/graphics.
cfg
File: graphics.cfg 2016/06/04 v1.11 sample graphics configuration
)
Package graphics Info: Driver file: pdftex.def on input line 99.
)
\Gin@req@height=\dimen128
\Gin@req@width=\dimen129
) (/Users/brockrowley/Library/TinyTeX/texmf-dist/tex/latex/oberdiek/grffile.sty
Package: grffile 2017/06/30 v1.18 Extended file name support for graphics (HO)
Package grffile Info: Option `multidot' is set to `true'.
Package grffile Info: Option `extendedchars' is set to `false'.
Package grffile Info: Option `space' is set to `true'.
Package grffile Info: \Gin@ii of package `graphicx' fixed on input line 494.
) (/Users/brockrowley/Library/TinyTeX/texmf-dist/tex/latex/titling/titling.sty
Package: titling 2009/09/04 v2.1d maketitle typesetting
\thanksmarkwidth=\skip48
\thanksmargin=\skip49
\droptitle=\skip50
) (/Users/brockrowley/Library/TinyTeX/texmf-dist/tex/latex/placeins/placeins.st
y
Package: placeins 2005/04/18  v 2.2
) (/Users/brockrowley/Library/TinyTeX/texmf-dist/tex/latex/float/float.sty
Package: float 2001/11/08 v1.3d Float enhancements (AL)
\c@float@type=\count116
\float@exts=\toks24
\float@box=\box30
\@float@everytoks=\toks25
\@floatcapt=\box31
) (/Users/brockrowley/Library/TinyTeX/texmf-dist/tex/latex/caption/caption.sty
Package: caption 2018/10/06 v3.3-154 Customizing captions (AR)
(/Users/brockrowley/Library/TinyTeX/texmf-dist/tex/latex/caption/caption3.sty
Package: caption3 2018/09/12 v1.8c caption3 kernel (AR)
Package caption3 Info: TeX engine: e-TeX on input line 64.
\captionmargin=\dimen130
\captionmargin@=\dimen131
\captionwidth=\dimen132
\caption@tempdima=\dimen133
\caption@indent=\dimen134
\caption@parindent=\dimen135
\caption@hangindent=\dimen136
)
\c@caption@flags=\count117
\c@ContinuedFloat=\count118
Package caption Info: float package is loaded.
Package caption Info: hyperref package is loaded.
) (/Users/brockrowley/Library/TinyTeX/texmf-dist/tex/latex/xcolor/xcolor.sty
Package: xcolor 2016/05/11 v2.12 LaTeX color extensions (UK)

(/Users/brockrowley/Library/TinyTeX/texmf-dist/tex/latex/graphics-cfg/color.cfg
File: color.cfg 2016/01/02 v1.6 sample color configuration
)
Package xcolor Info: Driver file: pdftex.def on input line 225.
LaTeX Info: Redefining \color on input line 709.
Package xcolor Info: Model `cmy' substituted by `cmy0' on input line 1348.
Package xcolor Info: Model `hsb' substituted by `rgb' on input line 1352.
Package xcolor Info: Model `RGB' extended on input line 1364.
Package xcolor Info: Model `HTML' substituted by `rgb' on input line 1366.
Package xcolor Info: Model `Hsb' substituted by `hsb' on input line 1367.
Package xcolor Info: Model `tHsb' substituted by `hsb' on input line 1368.
Package xcolor Info: Model `HSB' substituted by `hsb' on input line 1369.
Package xcolor Info: Model `Gray' substituted by `gray' on input line 1370.
Package xcolor Info: Model `wave' substituted by `hsb' on input line 1371.
) (/Users/brockrowley/Library/TinyTeX/texmf-dist/tex/latex/booktabs/booktabs.st
y
Package: booktabs 2016/04/27 v1.618033 publication quality tables
\heavyrulewidth=\dimen137
\lightrulewidth=\dimen138
\cmidrulewidth=\dimen139
\belowrulesep=\dimen140
\belowbottomsep=\dimen141
\aboverulesep=\dimen142
\abovetopsep=\dimen143
\cmidrulesep=\dimen144
\cmidrulekern=\dimen145
\defaultaddspace=\dimen146
\@cmidla=\count119
\@cmidlb=\count120
\@aboverulesep=\dimen147
\@belowrulesep=\dimen148
\@thisruleclass=\count121
\@lastruleclass=\count122
\@thisrulewidth=\dimen149
) (./Critical_Element_4.aux)
\openout1 = `Critical_Element_4.aux'.

LaTeX Font Info:    Checking defaults for OML/cmm/m/it on input line 136.
LaTeX Font Info:    ... okay on input line 136.
LaTeX Font Info:    Checking defaults for T1/cmr/m/n on input line 136.
LaTeX Font Info:    ... okay on input line 136.
LaTeX Font Info:    Checking defaults for OT1/cmr/m/n on input line 136.
LaTeX Font Info:    ... okay on input line 136.
LaTeX Font Info:    Checking defaults for OMS/cmsy/m/n on input line 136.
LaTeX Font Info:    ... okay on input line 136.
LaTeX Font Info:    Checking defaults for OMX/cmex/m/n on input line 136.
LaTeX Font Info:    ... okay on input line 136.
LaTeX Font Info:    Checking defaults for U/cmr/m/n on input line 136.
LaTeX Font Info:    ... okay on input line 136.
LaTeX Font Info:    Checking defaults for TS1/cmr/m/n on input line 136.
LaTeX Font Info:    Try loading font information for TS1+cmr on input line 136.

(/Users/brockrowley/Library/TinyTeX/texmf-dist/tex/latex/base/ts1cmr.fd
File: ts1cmr.fd 2014/09/29 v2.5h Standard LaTeX font definitions
)
LaTeX Font Info:    ... okay on input line 136.
LaTeX Font Info:    Checking defaults for PD1/pdf/m/n on input line 136.
LaTeX Font Info:    ... okay on input line 136.
LaTeX Font Info:    Checking defaults for PU/pdf/m/n on input line 136.
LaTeX Font Info:    ... okay on input line 136.
LaTeX Font Info:    Try loading font information for T1+lmr on input line 136.
(/Users/brockrowley/Library/TinyTeX/texmf-dist/tex/latex/lm/t1lmr.fd
File: t1lmr.fd 2009/10/30 v1.6 Font defs for Latin Modern
)
*geometry* driver: auto-detecting
*geometry* detected driver: pdftex
*geometry* verbose mode - [ preamble ] result:
* driver: pdftex
* paper: <default>
* layout: <same size as paper>
* layoutoffset:(h,v)=(0.0pt,0.0pt)
* modes: 
* h-part:(L,W,R)=(72.26999pt, 469.75502pt, 72.26999pt)
* v-part:(T,H,B)=(72.26999pt, 650.43001pt, 72.26999pt)
* \paperwidth=614.295pt
* \paperheight=794.96999pt
* \textwidth=469.75502pt
* \textheight=650.43001pt
* \oddsidemargin=0.0pt
* \evensidemargin=0.0pt
* \topmargin=-37.0pt
* \headheight=12.0pt
* \headsep=25.0pt
* \topskip=10.0pt
* \footskip=30.0pt
* \marginparwidth=65.0pt
* \marginparsep=11.0pt
* \columnsep=10.0pt
* \skip\footins=9.0pt plus 4.0pt minus 2.0pt
* \hoffset=0.0pt
* \voffset=0.0pt
* \mag=1000
* \@twocolumnfalse
* \@twosidefalse
* \@mparswitchfalse
* \@reversemarginfalse
* (1in=72.27pt=25.4mm, 1cm=28.453pt)

\AtBeginShipoutBox=\box32
Package hyperref Info: Link coloring OFF on input line 136.
(/Users/brockrowley/Library/TinyTeX/texmf-dist/tex/latex/hyperref/nameref.sty
Package: nameref 2016/05/21 v2.44 Cross-referencing by name of section

(/Users/brockrowley/Library/TinyTeX/texmf-dist/tex/generic/oberdiek/gettitlestr
ing.sty
Package: gettitlestring 2016/05/16 v1.5 Cleanup title references (HO)
)
\c@section@level=\count123
)
LaTeX Info: Redefining \ref on input line 136.
LaTeX Info: Redefining \pageref on input line 136.
LaTeX Info: Redefining \nameref on input line 136.
(./Critical_Element_4.out) (./Critical_Element_4.out)
\@outlinefile=\write4
\openout4 = `Critical_Element_4.out'.


(/Users/brockrowley/Library/TinyTeX/texmf-dist/tex/latex/oberdiek/epstopdf-base
.sty
Package: epstopdf-base 2016/05/15 v2.6 Base part for package epstopdf
(/Users/brockrowley/Library/TinyTeX/texmf-dist/tex/latex/oberdiek/grfext.sty
Package: grfext 2016/05/16 v1.2 Manage graphics extensions (HO)
)
Package epstopdf-base Info: Redefining graphics rule for `.eps' on input line 4
38.
Package grfext Info: Graphics extension search list:
(grfext)             [.pdf,.png,.jpg,.mps,.jpeg,.jbig2,.jb2,.PDF,.PNG,.JPG,.JPE
G,.JBIG2,.JB2,.eps]
(grfext)             \AppendGraphicsExtensions on input line 456.

(/Users/brockrowley/Library/TinyTeX/texmf-dist/tex/latex/latexconfig/epstopdf-s
ys.cfg
File: epstopdf-sys.cfg 2010/07/13 v1.3 Configuration of (r)epstopdf for TeX Liv
e
))
Package caption Info: Begin \AtBeginDocument code.
Package caption Info: End \AtBeginDocument code.
(./Critical_Element_4.toc
LaTeX Font Info:    Try loading font information for OT1+lmr on input line 1.
(/Users/brockrowley/Library/TinyTeX/texmf-dist/tex/latex/lm/ot1lmr.fd
File: ot1lmr.fd 2009/10/30 v1.6 Font defs for Latin Modern
)
LaTeX Font Info:    Try loading font information for OML+lmm on input line 1.
(/Users/brockrowley/Library/TinyTeX/texmf-dist/tex/latex/lm/omllmm.fd
File: omllmm.fd 2009/10/30 v1.6 Font defs for Latin Modern
)
LaTeX Font Info:    Try loading font information for OMS+lmsy on input line 1.
(/Users/brockrowley/Library/TinyTeX/texmf-dist/tex/latex/lm/omslmsy.fd
File: omslmsy.fd 2009/10/30 v1.6 Font defs for Latin Modern
)
LaTeX Font Info:    Try loading font information for OMX+lmex on input line 1.
(/Users/brockrowley/Library/TinyTeX/texmf-dist/tex/latex/lm/omxlmex.fd
File: omxlmex.fd 2009/10/30 v1.6 Font defs for Latin Modern
)
LaTeX Font Info:    External font `lmex10' loaded for size
(Font)              <10> on input line 1.
LaTeX Font Info:    External font `lmex10' loaded for size
(Font)              <7> on input line 1.
LaTeX Font Info:    External font `lmex10' loaded for size
(Font)              <5> on input line 1.
LaTeX Font Info:    Try loading font information for U+msa on input line 1.
(/Users/brockrowley/Library/TinyTeX/texmf-dist/tex/latex/amsfonts/umsa.fd
File: umsa.fd 2013/01/14 v3.01 AMS symbols A
)
LaTeX Font Info:    Try loading font information for U+msb on input line 1.
(/Users/brockrowley/Library/TinyTeX/texmf-dist/tex/latex/amsfonts/umsb.fd
File: umsb.fd 2013/01/14 v3.01 AMS symbols B
) [1

{/Users/brockrowley/Library/TinyTeX/texmf-var/fonts/map/pdftex/updmap/pdftex.ma
p}])
\tf@toc=\write5
\openout5 = `Critical_Element_4.toc'.

pdfTeX warning (ext4): destination with the same identifier (name{page.}) has b
een already used, duplicate ignored
<to be read again> 
                   \relax 
l.161 ...rm comparisons are not possible. \newpage
                                                   [2]
LaTeX Font Info:    Try loading font information for TS1+lmr on input line 208.

(/Users/brockrowley/Library/TinyTeX/texmf-dist/tex/latex/lm/ts1lmr.fd
File: ts1lmr.fd 2009/10/30 v1.6 Font defs for Latin Modern
)pdfTeX warning (ext4): destination with the same identifier (name{page.}) has 
been already used, duplicate ignored
<to be read again> 
                   \relax 
l.258   A
         ccessibility Supports -- the QA provided all necessary accessibility [
3]
<Figures/irr/irr_domain.png, id=190, 1074.0125pt x 344.28625pt>
File: Figures/irr/irr_domain.png Graphic file (type png)
<use Figures/irr/irr_domain.png>
Package pdftex.def Info: Figures/irr/irr_domain.png  used on input line 287.
(pdftex.def)             Requested size: 469.7482pt x 150.58282pt.

Package xcolor Warning: Incompatible color definition on input line 308.

LaTeX Font Info:    Try loading font information for T1+lmtt on input line 309.

(/Users/brockrowley/Library/TinyTeX/texmf-dist/tex/latex/lm/t1lmtt.fd
File: t1lmtt.fd 2009/10/30 v1.6 Font defs for Latin Modern
)
LaTeX Font Info:    Font shape `T1/lmtt/bx/n' in size <10> not available
(Font)              Font shape `T1/lmtt/b/n' tried instead on input line 310.
LaTeX Font Info:    Try loading font information for TS1+lmtt on input line 328
.
(/Users/brockrowley/Library/TinyTeX/texmf-dist/tex/latex/lm/ts1lmtt.fd
File: ts1lmtt.fd 2009/10/30 v1.6 Font defs for Latin Modern
)

Package xcolor Warning: Incompatible color definition on input line 349.


Package xcolor Warning: Incompatible color definition on input line 349.


Package xcolor Warning: Incompatible color definition on input line 349.

pdfTeX warning (ext4): destination with the same identifier (name{page.}) has b
een already used, duplicate ignored
<to be read again> 
                   \relax 
l.349 \end{Shaded}
                   [4 <./Figures/irr/irr_domain.png>]

Package xcolor Warning: Incompatible color definition on input line 349.


Package xcolor Warning: Incompatible color definition on input line 349.

pdfTeX warning (ext4): destination with the same identifier (name{page.}) has b
een already used, duplicate ignored
<to be read again> 
                   \relax 
l.351 \clearpage
                 [5]

Package xcolor Warning: Incompatible color definition on input line 357.


Package xcolor Warning: Incompatible color definition on input line 388.


Package xcolor Warning: Incompatible color definition on input line 388.


Package xcolor Warning: Incompatible color definition on input line 425.

pdfTeX warning (ext4): destination with the same identifier (name{page.}) has b
een already used, duplicate ignored
<to be read again> 
                   \relax 
l.425 \begin{Shaded}
                     [6

]

Package xcolor Warning: Incompatible color definition on input line 450.


Package xcolor Warning: Incompatible color definition on input line 450.

pdfTeX warning (ext4): destination with the same identifier (name{page.}) has b
een already used, duplicate ignored
<to be read again> 
                   \relax 
l.452 \clearpage
                 [7]
<tifs/ela3tif.pdf, id=220, 505.89pt x 505.89pt>
File: tifs/ela3tif.pdf Graphic file (type pdf)
<use tifs/ela3tif.pdf>
Package pdftex.def Info: tifs/ela3tif.pdf  used on input line 468.
(pdftex.def)             Requested size: 225.8498pt x 225.8498pt.
<tifs/ela4tif.pdf, id=221, 505.89pt x 505.89pt>
File: tifs/ela4tif.pdf Graphic file (type pdf)
<use tifs/ela4tif.pdf>
Package pdftex.def Info: tifs/ela4tif.pdf  used on input line 469.
(pdftex.def)             Requested size: 225.8498pt x 225.8498pt.
<tifs/ela5tif.pdf, id=222, 505.89pt x 505.89pt>
File: tifs/ela5tif.pdf Graphic file (type pdf)
<use tifs/ela5tif.pdf>
Package pdftex.def Info: tifs/ela5tif.pdf  used on input line 470.
(pdftex.def)             Requested size: 225.8498pt x 225.8498pt.
<tifs/ela6tif.pdf, id=223, 505.89pt x 505.89pt>
File: tifs/ela6tif.pdf Graphic file (type pdf)
<use tifs/ela6tif.pdf>
Package pdftex.def Info: tifs/ela6tif.pdf  used on input line 471.
(pdftex.def)             Requested size: 225.8498pt x 225.8498pt.
<tifs/ela7tif.pdf, id=224, 505.89pt x 505.89pt>
File: tifs/ela7tif.pdf Graphic file (type pdf)
<use tifs/ela7tif.pdf>
Package pdftex.def Info: tifs/ela7tif.pdf  used on input line 472.
(pdftex.def)             Requested size: 225.8498pt x 225.8498pt.
<tifs/ela8tif.pdf, id=225, 505.89pt x 505.89pt>
File: tifs/ela8tif.pdf Graphic file (type pdf)
<use tifs/ela8tif.pdf>
Package pdftex.def Info: tifs/ela8tif.pdf  used on input line 473.
(pdftex.def)             Requested size: 225.8498pt x 225.8498pt.
<tifs/ela11tif.pdf, id=226, 505.89pt x 505.89pt>
File: tifs/ela11tif.pdf Graphic file (type pdf)
<use tifs/ela11tif.pdf>
Package pdftex.def Info: tifs/ela11tif.pdf  used on input line 474.
(pdftex.def)             Requested size: 225.8498pt x 225.8498pt.

Underfull \hbox (badness 10000) in paragraph at lines 468--475
[][] []
 []


Underfull \hbox (badness 10000) in paragraph at lines 468--475
[] []
 []


Underfull \hbox (badness 10000) in paragraph at lines 468--475
[] []
 []

pdfTeX warning (ext4): destination with the same identifier (name{page.}) has b
een already used, duplicate ignored
<to be read again> 
                   \relax 
l.475 \newpage
               [8

 <./tifs/ela3tif.pdf> <./tifs/ela4tif.pdf

pdfTeX warning: pdflatex (file ./tifs/ela4tif.pdf): PDF inclusion: multiple pdf
s with page group included in a single page
> <./tifs/ela5tif.pdf

pdfTeX warning: pdflatex (file ./tifs/ela5tif.pdf): PDF inclusion: multiple pdf
s with page group included in a single page
> <./tifs/ela6tif.pdf

pdfTeX warning: pdflatex (file ./tifs/ela6tif.pdf): PDF inclusion: multiple pdf
s with page group included in a single page
>]pdfTeX warning (ext4): destination with the same identifier (name{page.}) has
 been already used, duplicate ignored
<to be read again> 
                   \relax 
l.475 \newpage
               [9 <./tifs/ela7tif.pdf> <./tifs/ela8tif.pdf

pdfTeX warning: pdflatex (file ./tifs/ela8tif.pdf): PDF inclusion: multiple pdf
s with page group included in a single page
> <./tifs/ela11tif.pdf

pdfTeX warning: pdflatex (file ./tifs/ela11tif.pdf): PDF inclusion: multiple pd
fs with page group included in a single page
>]
File: tifs/ela3tif.pdf Graphic file (type pdf)
<use tifs/ela3tif.pdf>
Package pdftex.def Info: tifs/ela3tif.pdf  used on input line 482.
(pdftex.def)             Requested size: 225.8498pt x 225.8498pt.
File: tifs/ela4tif.pdf Graphic file (type pdf)
<use tifs/ela4tif.pdf>
Package pdftex.def Info: tifs/ela4tif.pdf  used on input line 483.
(pdftex.def)             Requested size: 225.8498pt x 225.8498pt.
File: tifs/ela5tif.pdf Graphic file (type pdf)
<use tifs/ela5tif.pdf>
Package pdftex.def Info: tifs/ela5tif.pdf  used on input line 484.
(pdftex.def)             Requested size: 225.8498pt x 225.8498pt.
File: tifs/ela6tif.pdf Graphic file (type pdf)
<use tifs/ela6tif.pdf>
Package pdftex.def Info: tifs/ela6tif.pdf  used on input line 485.
(pdftex.def)             Requested size: 225.8498pt x 225.8498pt.
File: tifs/ela7tif.pdf Graphic file (type pdf)
<use tifs/ela7tif.pdf>
Package pdftex.def Info: tifs/ela7tif.pdf  used on input line 486.
(pdftex.def)             Requested size: 225.8498pt x 225.8498pt.
File: tifs/ela8tif.pdf Graphic file (type pdf)
<use tifs/ela8tif.pdf>
Package pdftex.def Info: tifs/ela8tif.pdf  used on input line 487.
(pdftex.def)             Requested size: 225.8498pt x 225.8498pt.
File: tifs/ela11tif.pdf Graphic file (type pdf)
<use tifs/ela11tif.pdf>
Package pdftex.def Info: tifs/ela11tif.pdf  used on input line 488.
(pdftex.def)             Requested size: 225.8498pt x 225.8498pt.

Underfull \hbox (badness 10000) in paragraph at lines 482--489
[][] []
 []


Underfull \hbox (badness 10000) in paragraph at lines 482--489
[] []
 []


Underfull \hbox (badness 10000) in paragraph at lines 482--489
[] []
 []

pdfTeX warning (ext4): destination with the same identifier (name{page.}) has b
een already used, duplicate ignored
<to be read again> 
                   \relax 
l.489 \newpage
               [10]pdfTeX warning (ext4): destination with the same identifier 
(name{page.}) has been already used, duplicate ignored
<to be read again> 
                   \relax 
l.489 \newpage
               [11]
<tifs/science5tif.pdf, id=470, 505.89pt x 505.89pt>
File: tifs/science5tif.pdf Graphic file (type pdf)
<use tifs/science5tif.pdf>
Package pdftex.def Info: tifs/science5tif.pdf  used on input line 496.
(pdftex.def)             Requested size: 225.8498pt x 225.8498pt.
<tifs/science8tif.pdf, id=471, 505.89pt x 505.89pt>
File: tifs/science8tif.pdf Graphic file (type pdf)
<use tifs/science8tif.pdf>
Package pdftex.def Info: tifs/science8tif.pdf  used on input line 497.
(pdftex.def)             Requested size: 225.8498pt x 225.8498pt.
<tifs/science11tif.pdf, id=472, 505.89pt x 505.89pt>
File: tifs/science11tif.pdf Graphic file (type pdf)
<use tifs/science11tif.pdf>
Package pdftex.def Info: tifs/science11tif.pdf  used on input line 498.
(pdftex.def)             Requested size: 225.8498pt x 225.8498pt.

Underfull \hbox (badness 10000) in paragraph at lines 496--499
[][] []
 []

<tccs/019ELA_TCC.pdf, id=473, 614.295pt x 794.97pt>
File: tccs/019ELA_TCC.pdf Graphic file (type pdf)
<use tccs/019ELA_TCC.pdf>
Package pdftex.def Info: tccs/019ELA_TCC.pdf  used on input line 514.
(pdftex.def)             Requested size: 469.75604pt x 607.9196pt.
<tccs/019MathTCC.pdf, id=474, 614.295pt x 794.97pt>
File: tccs/019MathTCC.pdf Graphic file (type pdf)
<use tccs/019MathTCC.pdf>
Package pdftex.def Info: tccs/019MathTCC.pdf  used on input line 515.
(pdftex.def)             Requested size: 469.75604pt x 607.9196pt.
pdfTeX warning (ext4): destination with the same identifier (name{page.}) has b
een already used, duplicate ignored
<to be read again> 
                   \relax 
l.515 ...egraphics{tccs/019MathTCC.pdf} \clearpage
                                                   [12 <./tifs/science5tif.pdf>
 <./tifs/science8tif.pdf

pdfTeX warning: pdflatex (file ./tifs/science8tif.pdf): PDF inclusion: multiple
 pdfs with page group included in a single page
> <./tifs/science11tif.pdf

pdfTeX warning: pdflatex (file ./tifs/science11tif.pdf): PDF inclusion: multipl
e pdfs with page group included in a single page
>]pdfTeX warning (ext4): destination with the same identifier (name{page.}) has
 been already used, duplicate ignored
<to be read again> 
                   \relax 
l.515 ...egraphics{tccs/019MathTCC.pdf} \clearpage
                                                   [13 <./tccs/019ELA_TCC.pdf>]
pdfTeX warning (ext4): destination with the same identifier (name{page.}) has b
een already used, duplicate ignored
<to be read again> 
                   \relax 
l.515 ...egraphics{tccs/019MathTCC.pdf} \clearpage
                                                   [14 <./tccs/019MathTCC.pdf>]

Package xcolor Warning: Incompatible color definition on input line 533.


Package xcolor Warning: Incompatible color definition on input line 562.


Package xcolor Warning: Incompatible color definition on input line 562.


Package xcolor Warning: Incompatible color definition on input line 584.


Package xcolor Warning: Incompatible color definition on input line 632.


Package xcolor Warning: Incompatible color definition on input line 632.


Package xcolor Warning: Incompatible color definition on input line 632.

pdfTeX warning (ext4): destination with the same identifier (name{page.}) has b
een already used, duplicate ignored
<to be read again> 
                   \relax 
l.632 \end{Shaded}
                   [15

]

Package xcolor Warning: Incompatible color definition on input line 632.


Package xcolor Warning: Incompatible color definition on input line 632.


Package hyperref Warning: Difference (2) between bookmark levels is greater 
(hyperref)                than one, level fixed on input line 654.

pdfTeX warning (ext4): destination with the same identifier (name{page.}) has b
een already used, duplicate ignored
<to be read again> 
                   \relax 
l.673 
       [16]

Package xcolor Warning: Incompatible color definition on input line 707.


Package xcolor Warning: Incompatible color definition on input line 803.


Package xcolor Warning: Incompatible color definition on input line 803.


Package xcolor Warning: Incompatible color definition on input line 803.

pdfTeX warning (ext4): destination with the same identifier (name{page.}) has b
een already used, duplicate ignored
<to be read again> 
                   \relax 
l.803 \end{Shaded}
                   [17]

Package xcolor Warning: Incompatible color definition on input line 803.


Package xcolor Warning: Incompatible color definition on input line 803.


Underfull \vbox (badness 10000) detected at line 803
 []


Underfull \vbox (badness 10000) detected at line 803
 []


Package xcolor Warning: Incompatible color definition on input line 803.

pdfTeX warning (ext4): destination with the same identifier (name{page.}) has b
een already used, duplicate ignored
<to be read again> 
                   \relax 
l.803 \end{Shaded}
                   [18]

Package xcolor Warning: Incompatible color definition on input line 803.


Package xcolor Warning: Incompatible color definition on input line 803.


Package xcolor Warning: Incompatible color definition on input line 814.


Package xcolor Warning: Incompatible color definition on input line 826.


Package xcolor Warning: Incompatible color definition on input line 826.

pdfTeX warning (ext4): destination with the same identifier (name{page.}) has b
een already used, duplicate ignored
<to be read again> 
                   \relax 
l.828 \clearpage
                 [19]

Package xcolor Warning: Incompatible color definition on input line 846.


Package xcolor Warning: Incompatible color definition on input line 874.


Package xcolor Warning: Incompatible color definition on input line 874.

pdfTeX warning (ext4): destination with the same identifier (name{page.}) has b
een already used, duplicate ignored
<to be read again> 
                   \relax 
l.885 \clearpage
                 [20

]

Package xcolor Warning: Incompatible color definition on input line 891.


Package xcolor Warning: Incompatible color definition on input line 910.


Package xcolor Warning: Incompatible color definition on input line 910.


Package xcolor Warning: Incompatible color definition on input line 934.


Package xcolor Warning: Incompatible color definition on input line 988.


Package xcolor Warning: Incompatible color definition on input line 988.


Package xcolor Warning: Incompatible color definition on input line 988.

pdfTeX warning (ext4): destination with the same identifier (name{page.}) has b
een already used, duplicate ignored
<to be read again> 
                   \relax 
l.988 \end{Shaded}
                   [21

]

Package xcolor Warning: Incompatible color definition on input line 988.


Package xcolor Warning: Incompatible color definition on input line 988.


Package xcolor Warning: Incompatible color definition on input line 990.


Package xcolor Warning: Incompatible color definition on input line 1012.


Package xcolor Warning: Incompatible color definition on input line 1012.

pdfTeX warning (ext4): destination with the same identifier (name{page.}) has b
een already used, duplicate ignored
<to be read again> 
                   \relax 
l.1014 \clearpage
                  [22]

Package xcolor Warning: Incompatible color definition on input line 1026.


Package xcolor Warning: Incompatible color definition on input line 1062.


Package xcolor Warning: Incompatible color definition on input line 1062.

pdfTeX warning (ext4): destination with the same identifier (name{page.}) has b
een already used, duplicate ignored
<to be read again> 
                   \relax 
l.1064 \clearpage
                  [23

]

Package xcolor Warning: Incompatible color definition on input line 1074.


Package xcolor Warning: Incompatible color definition on input line 1108.


Package xcolor Warning: Incompatible color definition on input line 1108.

pdfTeX warning (ext4): destination with the same identifier (name{page.}) has b
een already used, duplicate ignored
<to be read again> 
                   \relax 
l.1110 \clearpage
                  [24

]

Package xcolor Warning: Incompatible color definition on input line 1156.


Package xcolor Warning: Incompatible color definition on input line 1190.


Package xcolor Warning: Incompatible color definition on input line 1190.


Package xcolor Warning: Incompatible color definition on input line 1190.

pdfTeX warning (ext4): destination with the same identifier (name{page.}) has b
een already used, duplicate ignored
<to be read again> 
                   \relax 
l.1190 \end{Shaded}
                    [25

]

Package xcolor Warning: Incompatible color definition on input line 1190.


Package xcolor Warning: Incompatible color definition on input line 1190.

pdfTeX warning (ext4): destination with the same identifier (name{page.}) has b
een already used, duplicate ignored
<to be read again> 
                   \relax 
l.1192 \clearpage
                  [26]

Package xcolor Warning: Incompatible color definition on input line 1209.


Package xcolor Warning: Incompatible color definition on input line 1252.


Package xcolor Warning: Incompatible color definition on input line 1252.


Package xcolor Warning: Incompatible color definition on input line 1256.


Package xcolor Warning: Incompatible color definition on input line 1260.


Package xcolor Warning: Incompatible color definition on input line 1260.


Package xcolor Warning: Incompatible color definition on input line 1264.

pdfTeX warning (ext4): destination with the same identifier (name{page.}) has b
een already used, duplicate ignored
<to be read again> 
                   \relax 
l.1268 \end{Shaded}
                    [27

]

Package xcolor Warning: Incompatible color definition on input line 1268.


Package xcolor Warning: Incompatible color definition on input line 1268.


Package xcolor Warning: Incompatible color definition on input line 1272.


Package xcolor Warning: Incompatible color definition on input line 1299.


Package xcolor Warning: Incompatible color definition on input line 1299.


Package xcolor Warning: Incompatible color definition on input line 1303.


Package xcolor Warning: Incompatible color definition on input line 1307.


Package xcolor Warning: Incompatible color definition on input line 1307.

pdfTeX warning (ext4): destination with the same identifier (name{page.}) has b
een already used, duplicate ignored
<to be read again> 
                   \relax 
l.1354 
        [28]
<ipdens/ela3ipdens.pdf, id=657, 505.89pt x 505.89pt>
File: ipdens/ela3ipdens.pdf Graphic file (type pdf)
<use ipdens/ela3ipdens.pdf>
Package pdftex.def Info: ipdens/ela3ipdens.pdf  used on input line 1361.
(pdftex.def)             Requested size: 225.8498pt x 225.8498pt.
<ipdens/ela4ipdens.pdf, id=658, 505.89pt x 505.89pt>
File: ipdens/ela4ipdens.pdf Graphic file (type pdf)
<use ipdens/ela4ipdens.pdf>
Package pdftex.def Info: ipdens/ela4ipdens.pdf  used on input line 1362.
(pdftex.def)             Requested size: 225.8498pt x 225.8498pt.
<ipdens/ela5ipdens.pdf, id=659, 505.89pt x 505.89pt>
File: ipdens/ela5ipdens.pdf Graphic file (type pdf)
<use ipdens/ela5ipdens.pdf>
Package pdftex.def Info: ipdens/ela5ipdens.pdf  used on input line 1363.
(pdftex.def)             Requested size: 225.8498pt x 225.8498pt.
<ipdens/ela6ipdens.pdf, id=660, 505.89pt x 505.89pt>
File: ipdens/ela6ipdens.pdf Graphic file (type pdf)
<use ipdens/ela6ipdens.pdf>
Package pdftex.def Info: ipdens/ela6ipdens.pdf  used on input line 1364.
(pdftex.def)             Requested size: 225.8498pt x 225.8498pt.
<ipdens/ela7ipdens.pdf, id=661, 505.89pt x 505.89pt>
File: ipdens/ela7ipdens.pdf Graphic file (type pdf)
<use ipdens/ela7ipdens.pdf>
Package pdftex.def Info: ipdens/ela7ipdens.pdf  used on input line 1365.
(pdftex.def)             Requested size: 225.8498pt x 225.8498pt.
<ipdens/ela8ipdens.pdf, id=662, 505.89pt x 505.89pt>
File: ipdens/ela8ipdens.pdf Graphic file (type pdf)
<use ipdens/ela8ipdens.pdf>
Package pdftex.def Info: ipdens/ela8ipdens.pdf  used on input line 1366.
(pdftex.def)             Requested size: 225.8498pt x 225.8498pt.
<ipdens/ela11ipdens.pdf, id=663, 505.89pt x 505.89pt>
File: ipdens/ela11ipdens.pdf Graphic file (type pdf)
<use ipdens/ela11ipdens.pdf>
Package pdftex.def Info: ipdens/ela11ipdens.pdf  used on input line 1367.
(pdftex.def)             Requested size: 225.8498pt x 225.8498pt.

Underfull \hbox (badness 10000) in paragraph at lines 1361--1368
[][] []
 []


Underfull \hbox (badness 10000) in paragraph at lines 1361--1368
[] []
 []


Underfull \hbox (badness 10000) in paragraph at lines 1361--1368
[] []
 []

pdfTeX warning (ext4): destination with the same identifier (name{page.}) has b
een already used, duplicate ignored
<to be read again> 
                   \relax 
l.1368 \clearpage
                  [29 <./ipdens/ela3ipdens.pdf> <./ipdens/ela4ipdens.pdf

pdfTeX warning: pdflatex (file ./ipdens/ela4ipdens.pdf): PDF inclusion: multipl
e pdfs with page group included in a single page
> <./ipdens/ela5ipdens.pdf

pdfTeX warning: pdflatex (file ./ipdens/ela5ipdens.pdf): PDF inclusion: multipl
e pdfs with page group included in a single page
> <./ipdens/ela6ipdens.pdf

pdfTeX warning: pdflatex (file ./ipdens/ela6ipdens.pdf): PDF inclusion: multipl
e pdfs with page group included in a single page
>]pdfTeX warning (ext4): destination with the same identifier (name{page.}) has
 been already used, duplicate ignored
<to be read again> 
                   \relax 
l.1368 \clearpage
                  [30 <./ipdens/ela7ipdens.pdf> <./ipdens/ela8ipdens.pdf

pdfTeX warning: pdflatex (file ./ipdens/ela8ipdens.pdf): PDF inclusion: multipl
e pdfs with page group included in a single page
> <./ipdens/ela11ipdens.pdf

pdfTeX warning: pdflatex (file ./ipdens/ela11ipdens.pdf): PDF inclusion: multip
le pdfs with page group included in a single page
>]
<ipdens/math3ipdens.pdf, id=765, 505.89pt x 505.89pt>
File: ipdens/math3ipdens.pdf Graphic file (type pdf)
<use ipdens/math3ipdens.pdf>
Package pdftex.def Info: ipdens/math3ipdens.pdf  used on input line 1376.
(pdftex.def)             Requested size: 225.8498pt x 225.8498pt.
<ipdens/math4ipdens.pdf, id=766, 505.89pt x 505.89pt>
File: ipdens/math4ipdens.pdf Graphic file (type pdf)
<use ipdens/math4ipdens.pdf>
Package pdftex.def Info: ipdens/math4ipdens.pdf  used on input line 1377.
(pdftex.def)             Requested size: 225.8498pt x 225.8498pt.
<ipdens/math5ipdens.pdf, id=767, 505.89pt x 505.89pt>
File: ipdens/math5ipdens.pdf Graphic file (type pdf)
<use ipdens/math5ipdens.pdf>
Package pdftex.def Info: ipdens/math5ipdens.pdf  used on input line 1378.
(pdftex.def)             Requested size: 225.8498pt x 225.8498pt.
<ipdens/math6ipdens.pdf, id=768, 505.89pt x 505.89pt>
File: ipdens/math6ipdens.pdf Graphic file (type pdf)
<use ipdens/math6ipdens.pdf>
Package pdftex.def Info: ipdens/math6ipdens.pdf  used on input line 1379.
(pdftex.def)             Requested size: 225.8498pt x 225.8498pt.
<ipdens/math7ipdens.pdf, id=769, 505.89pt x 505.89pt>
File: ipdens/math7ipdens.pdf Graphic file (type pdf)
<use ipdens/math7ipdens.pdf>
Package pdftex.def Info: ipdens/math7ipdens.pdf  used on input line 1380.
(pdftex.def)             Requested size: 225.8498pt x 225.8498pt.
<ipdens/math8ipdens.pdf, id=770, 505.89pt x 505.89pt>
File: ipdens/math8ipdens.pdf Graphic file (type pdf)
<use ipdens/math8ipdens.pdf>
Package pdftex.def Info: ipdens/math8ipdens.pdf  used on input line 1381.
(pdftex.def)             Requested size: 225.8498pt x 225.8498pt.
<ipdens/math11ipdens.pdf, id=771, 505.89pt x 505.89pt>
File: ipdens/math11ipdens.pdf Graphic file (type pdf)
<use ipdens/math11ipdens.pdf>
Package pdftex.def Info: ipdens/math11ipdens.pdf  used on input line 1382.
(pdftex.def)             Requested size: 225.8498pt x 225.8498pt.

Underfull \hbox (badness 10000) in paragraph at lines 1376--1383
[][] []
 []


Underfull \hbox (badness 10000) in paragraph at lines 1376--1383
[] []
 []


Underfull \hbox (badness 10000) in paragraph at lines 1376--1383
[] []
 []

pdfTeX warning (ext4): destination with the same identifier (name{page.}) has b
een already used, duplicate ignored
<to be read again> 
                   \relax 
l.1383 \clearpage
                  [31

 <./ipdens/math3ipdens.pdf> <./ipdens/math4ipdens.pdf

pdfTeX warning: pdflatex (file ./ipdens/math4ipdens.pdf): PDF inclusion: multip
le pdfs with page group included in a single page
> <./ipdens/math5ipdens.pdf

pdfTeX warning: pdflatex (file ./ipdens/math5ipdens.pdf): PDF inclusion: multip
le pdfs with page group included in a single page
> <./ipdens/math6ipdens.pdf

pdfTeX warning: pdflatex (file ./ipdens/math6ipdens.pdf): PDF inclusion: multip
le pdfs with page group included in a single page
>]pdfTeX warning (ext4): destination with the same identifier (name{page.}) has
 been already used, duplicate ignored
<to be read again> 
                   \relax 
l.1383 \clearpage
                  [32 <./ipdens/math7ipdens.pdf> <./ipdens/math8ipdens.pdf

pdfTeX warning: pdflatex (file ./ipdens/math8ipdens.pdf): PDF inclusion: multip
le pdfs with page group included in a single page
> <./ipdens/math11ipdens.pdf

pdfTeX warning: pdflatex (file ./ipdens/math11ipdens.pdf): PDF inclusion: multi
ple pdfs with page group included in a single page
>]
<ipdens/science5ipdens.pdf, id=873, 505.89pt x 505.89pt>
File: ipdens/science5ipdens.pdf Graphic file (type pdf)
<use ipdens/science5ipdens.pdf>
Package pdftex.def Info: ipdens/science5ipdens.pdf  used on input line 1391.
(pdftex.def)             Requested size: 225.8498pt x 225.8498pt.
<ipdens/science8ipdens.pdf, id=874, 505.89pt x 505.89pt>
File: ipdens/science8ipdens.pdf Graphic file (type pdf)
<use ipdens/science8ipdens.pdf>
Package pdftex.def Info: ipdens/science8ipdens.pdf  used on input line 1392.
(pdftex.def)             Requested size: 225.8498pt x 225.8498pt.
<ipdens/science11ipdens.pdf, id=875, 505.89pt x 505.89pt>
File: ipdens/science11ipdens.pdf Graphic file (type pdf)
<use ipdens/science11ipdens.pdf>
Package pdftex.def Info: ipdens/science11ipdens.pdf  used on input line 1393.
(pdftex.def)             Requested size: 225.8498pt x 225.8498pt.

Underfull \hbox (badness 10000) in paragraph at lines 1391--1394
[][] []
 []

pdfTeX warning (ext4): destination with the same identifier (name{page.}) has b
een already used, duplicate ignored
<to be read again> 
                   \relax 
l.1423 ...bel{multiple-versions-of-an-assessment}}
                                                   [33

 <./ipdens/science5ipdens.pdf> <./ipdens/science8ipdens.pdf

pdfTeX warning: pdflatex (file ./ipdens/science8ipdens.pdf): PDF inclusion: mul
tiple pdfs with page group included in a single page
> <./ipdens/science11ipdens.pdf

pdfTeX warning: pdflatex (file ./ipdens/science11ipdens.pdf): PDF inclusion: mu
ltiple pdfs with page group included in a single page
>]

Package caption Warning: Unused \captionsetup[figure] on input line 131.
See the caption package documentation for explanation.

Package atveryend Info: Empty hook `BeforeClearDocument' on input line 1454.
pdfTeX warning (ext4): destination with the same identifier (name{page.}) has b
een already used, duplicate ignored
<to be read again> 
                   \relax 
l.1454 \end{document}
                      [34]
Package atveryend Info: Empty hook `AfterLastShipout' on input line 1454.
(./Critical_Element_4.aux)
Package atveryend Info: Executing hook `AtVeryEndDocument' on input line 1454.
Package atveryend Info: Executing hook `AtEndAfterFileList' on input line 1454.

Package rerunfilecheck Info: File `Critical_Element_4.out' has not changed.
(rerunfilecheck)             Checksum: E49EB709762DA39AB136909C90571F90;7283.
Package atveryend Info: Empty hook `AtVeryVeryEnd' on input line 1454.
 ) 
Here is how much of TeX's memory you used:
 12558 strings out of 494553
 186355 string characters out of 6176246
 264701 words of memory out of 5000000
 15983 multiletter control sequences out of 15000+600000
 47803 words of font info for 45 fonts, out of 8000000 for 9000
 14 hyphenation exceptions out of 8191
 36i,6n,38p,500b,408s stack positions out of 5000i,500n,10000p,200000b,80000s
{/Users/brockrowley/Library/TinyTeX/texmf-dist/fonts/enc/dvips/lm/lm-mathit.e
nc}{/Users/brockrowley/Library/TinyTeX/texmf-dist/fonts/enc/dvips/lm/lm-mathsy.
enc}{/Users/brockrowley/Library/TinyTeX/texmf-dist/fonts/enc/dvips/lm/lm-rm.enc
}{/Users/brockrowley/Library/TinyTeX/texmf-dist/fonts/enc/dvips/lm/lm-ts1.enc}{
/Users/brockrowley/Library/TinyTeX/texmf-dist/fonts/enc/dvips/lm/lm-ec.enc}</Us
ers/brockrowley/Library/TinyTeX/texmf-dist/fonts/type1/public/lm/lmbx10.pfb></U
sers/brockrowley/Library/TinyTeX/texmf-dist/fonts/type1/public/lm/lmbx12.pfb></
Users/brockrowley/Library/TinyTeX/texmf-dist/fonts/type1/public/lm/lmmi10.pfb><
/Users/brockrowley/Library/TinyTeX/texmf-dist/fonts/type1/public/lm/lmmi7.pfb><
/Users/brockrowley/Library/TinyTeX/texmf-dist/fonts/type1/public/lm/lmr10.pfb><
/Users/brockrowley/Library/TinyTeX/texmf-dist/fonts/type1/public/lm/lmr17.pfb><
/Users/brockrowley/Library/TinyTeX/texmf-dist/fonts/type1/public/lm/lmri10.pfb>
</Users/brockrowley/Library/TinyTeX/texmf-dist/fonts/type1/public/lm/lmri12.pfb
></Users/brockrowley/Library/TinyTeX/texmf-dist/fonts/type1/public/lm/lmsy10.pf
b></Users/brockrowley/Library/TinyTeX/texmf-dist/fonts/type1/public/lm/lmtk10.p
fb></Users/brockrowley/Library/TinyTeX/texmf-dist/fonts/type1/public/lm/lmtt10.
pfb></Users/brockrowley/Library/TinyTeX/texmf-dist/fonts/type1/public/lm/lmtti1
0.pfb>
Output written on Critical_Element_4.pdf (34 pages, 1018367 bytes).
PDF statistics:
 995 PDF objects out of 1000 (max. 8388607)
 738 compressed objects within 8 object streams
 76 named destinations out of 1000 (max. 500000)
 407 words of extra memory for PDF output out of 10000 (max. 10000000)

